{
  "stats": {
    "suites": 1,
    "tests": 8,
    "passes": 8,
    "pending": 0,
    "failures": 0,
    "start": "2024-02-29T23:55:06.088Z",
    "end": "2024-02-29T23:55:07.714Z",
    "duration": 1626,
    "testsRegistered": 8,
    "passPercent": 100,
    "pendingPercent": 0,
    "other": 0,
    "hasOther": false,
    "skipped": 0,
    "hasSkipped": false
  },
  "results": [
    {
      "uuid": "d2f3f501-3cb3-4efc-89ea-639f884ad554",
      "title": "",
      "fullFile": "C:\\Users\\Tunde_Szapora\\git-projects\\SQE_Task3_good\\specs\\test.spec.js",
      "file": "\\specs\\test.spec.js",
      "beforeHooks": [],
      "afterHooks": [],
      "tests": [],
      "suites": [
        {
          "uuid": "70b2331b-8f8a-4d82-8708-40c8d95b13f8",
          "title": "API Test Suite",
          "fullFile": "C:\\Users\\Tunde_Szapora\\git-projects\\SQE_Task3_good\\specs\\test.spec.js",
          "file": "\\specs\\test.spec.js",
          "beforeHooks": [],
          "afterHooks": [],
          "tests": [
            {
              "title": "Create user",
              "fullTitle": "API Test Suite Create user",
              "timedOut": false,
              "duration": 554,
              "state": "passed",
              "speed": "slow",
              "pass": true,
              "fail": false,
              "pending": false,
              "context": null,
              "code": "const response = await sendRequest(\"user\", create_data, \"post\");\nexpect(response.status).to.equal(200);",
              "err": {},
              "uuid": "222d83bb-2855-47d2-a694-a2c53b0dd7a6",
              "parentUUID": "70b2331b-8f8a-4d82-8708-40c8d95b13f8",
              "isHook": false,
              "skipped": false
            },
            {
              "title": "Login as a user",
              "fullTitle": "API Test Suite Login as a user",
              "timedOut": false,
              "duration": 116,
              "state": "passed",
              "speed": "slow",
              "pass": true,
              "fail": false,
              "pending": false,
              "context": null,
              "code": "const response = await sendRequest(`user/login?username=${user_name}&password=${password}`);\nexpect(response.status).to.equal(200);",
              "err": {},
              "uuid": "898e90ee-53d1-47fd-97e3-5f10feb5d930",
              "parentUUID": "70b2331b-8f8a-4d82-8708-40c8d95b13f8",
              "isHook": false,
              "skipped": false
            },
            {
              "title": "Create a list of users",
              "fullTitle": "API Test Suite Create a list of users",
              "timedOut": false,
              "duration": 119,
              "state": "passed",
              "speed": "slow",
              "pass": true,
              "fail": false,
              "pending": false,
              "context": null,
              "code": "const response = await sendRequest(\"user/createWithList\", createWithList_data, \"post\");\nexpect(response.status).to.equal(200);",
              "err": {},
              "uuid": "11e83960-4210-4043-ab34-5d9fcc950072",
              "parentUUID": "70b2331b-8f8a-4d82-8708-40c8d95b13f8",
              "isHook": false,
              "skipped": false
            },
            {
              "title": "Log out user",
              "fullTitle": "API Test Suite Log out user",
              "timedOut": false,
              "duration": 117,
              "state": "passed",
              "speed": "slow",
              "pass": true,
              "fail": false,
              "pending": false,
              "context": null,
              "code": "const response = await sendRequest(\"user/logout\");\nexpect(response.status).to.equal(200);",
              "err": {},
              "uuid": "582524ee-bdb0-4c1d-86b0-f47ef2884695",
              "parentUUID": "70b2331b-8f8a-4d82-8708-40c8d95b13f8",
              "isHook": false,
              "skipped": false
            },
            {
              "title": "Add a new pet",
              "fullTitle": "API Test Suite Add a new pet",
              "timedOut": false,
              "duration": 117,
              "state": "passed",
              "speed": "slow",
              "pass": true,
              "fail": false,
              "pending": false,
              "context": null,
              "code": "const response = await sendRequest(\"pet\", newPet_data, \"post\");\nexpect(response.status).to.equal(200);",
              "err": {},
              "uuid": "3a0a76d2-5945-4afc-819d-94547c141766",
              "parentUUID": "70b2331b-8f8a-4d82-8708-40c8d95b13f8",
              "isHook": false,
              "skipped": false
            },
            {
              "title": "Update a pet's image",
              "fullTitle": "API Test Suite Update a pet's image",
              "timedOut": false,
              "duration": 349,
              "state": "passed",
              "speed": "slow",
              "pass": true,
              "fail": false,
              "pending": false,
              "context": null,
              "code": "const fs = require('fs/promises');\nconst FormData = require('form-data');\nconst form = new FormData();\nconst file = await fs.readFile('./config/Julia.jpg');\nform.append('file', file, 'my-image.jpg');\nconst response = await axios.post(`${TEST_URL}/pet/${pet_id}/uploadImage`, form, {   \n    headers: {\n        ...form.getHeaders(),\n    },\n});\nexpect(response.status).to.equal(200);",
              "err": {},
              "uuid": "4453ff61-05a0-47dd-ae52-e55c4b5d81f2",
              "parentUUID": "70b2331b-8f8a-4d82-8708-40c8d95b13f8",
              "isHook": false,
              "skipped": false
            },
            {
              "title": "Update a pet's name and status",
              "fullTitle": "API Test Suite Update a pet's name and status",
              "timedOut": false,
              "duration": 116,
              "state": "passed",
              "speed": "slow",
              "pass": true,
              "fail": false,
              "pending": false,
              "context": null,
              "code": "const response = await sendRequest(`pet/${pet_id}`, `name=${new_petname}&status=${new_status}`, \"post\");\nexpect(response.status).to.equal(200);",
              "err": {},
              "uuid": "9c1e17cf-ecb0-47ea-8d47-ec8a3a4c69f8",
              "parentUUID": "70b2331b-8f8a-4d82-8708-40c8d95b13f8",
              "isHook": false,
              "skipped": false
            },
            {
              "title": "Delete a pet",
              "fullTitle": "API Test Suite Delete a pet",
              "timedOut": false,
              "duration": 117,
              "state": "passed",
              "speed": "slow",
              "pass": true,
              "fail": false,
              "pending": false,
              "context": null,
              "code": "const response = await sendRequest(`pet/${pet_id}`, \"delete\");\nexpect(response.status).to.equal(200);",
              "err": {},
              "uuid": "b868fbdc-063a-4069-ad95-9994d1aed64d",
              "parentUUID": "70b2331b-8f8a-4d82-8708-40c8d95b13f8",
              "isHook": false,
              "skipped": false
            }
          ],
          "suites": [],
          "passes": [
            "222d83bb-2855-47d2-a694-a2c53b0dd7a6",
            "898e90ee-53d1-47fd-97e3-5f10feb5d930",
            "11e83960-4210-4043-ab34-5d9fcc950072",
            "582524ee-bdb0-4c1d-86b0-f47ef2884695",
            "3a0a76d2-5945-4afc-819d-94547c141766",
            "4453ff61-05a0-47dd-ae52-e55c4b5d81f2",
            "9c1e17cf-ecb0-47ea-8d47-ec8a3a4c69f8",
            "b868fbdc-063a-4069-ad95-9994d1aed64d"
          ],
          "failures": [],
          "pending": [],
          "skipped": [],
          "duration": 1605,
          "root": false,
          "rootEmpty": false,
          "_timeout": 2000
        }
      ],
      "passes": [],
      "failures": [],
      "pending": [],
      "skipped": [],
      "duration": 0,
      "root": true,
      "rootEmpty": true,
      "_timeout": 2000
    }
  ],
  "meta": {
    "mocha": {
      "version": "10.3.0"
    },
    "mochawesome": {
      "options": {
        "quiet": false,
        "reportFilename": "mochawesome",
        "saveHtml": true,
        "saveJson": true,
        "consoleReporter": "spec",
        "useInlineDiffs": false,
        "code": true
      },
      "version": "7.1.3"
    },
    "marge": {
      "options": null,
      "version": "6.2.0"
    }
  }
}